function toString() { [native code] } : GET /
function toString() { [native code] } : GET /
function toString() { [native code] } : GET /
function toString() { [native code] } : GET /
Wed Jul 19 2017 16:34:49 GMT+0900 (대한민국 표준시) : GET /
Wed Jul 19 2017 16:35:00 GMT+0900 (대한민국 표준시) : GET /
Wed Jul 19 2017 16:35:06 GMT+0900 (대한민국 표준시) : GET /
Wed Jul 19 2017 16:36:06 GMT+0900 (대한민국 표준시) : GET /
Wed Jul 19 2017 16:36:12 GMT+0900 (대한민국 표준시) : GET /
Wed Jul 19 2017 16:36:59 GMT+0900 (대한민국 표준시) : GET /
Wed Jul 19 2017 16:37:04 GMT+0900 (대한민국 표준시) : GET /nodejs
Wed Jul 19 2017 16:37:08 GMT+0900 (대한민국 표준시) : GET /
Wed Jul 19 2017 16:37:20 GMT+0900 (대한민국 표준시) : GET /springboot
Wed Jul 19 2017 16:38:41 GMT+0900 (대한민국 표준시) : GET /springboot
Wed Jul 19 2017 16:38:41 GMT+0900 (대한민국 표준시) : GET /javascript
Wed Jul 19 2017 16:38:41 GMT+0900 (대한민국 표준시) : GET /springboot
Wed Jul 19 2017 16:38:41 GMT+0900 (대한민국 표준시) : GET /nodejs
Wed Jul 19 2017 16:38:41 GMT+0900 (대한민국 표준시) : GET /javascript
Wed Jul 19 2017 16:38:41 GMT+0900 (대한민국 표준시) : GET /javascript
Wed Jul 19 2017 16:38:41 GMT+0900 (대한민국 표준시) : GET /
Wed Jul 19 2017 16:38:41 GMT+0900 (대한민국 표준시) : GET /favicon.ico
Wed Jul 19 2017 16:38:56 GMT+0900 (대한민국 표준시) : GET /
Wed Jul 19 2017 16:38:56 GMT+0900 (대한민국 표준시) : GET /favicon.ico
Wed Jul 19 2017 16:39:00 GMT+0900 (대한민국 표준시) : GET /nodejs
Wed Jul 19 2017 16:39:03 GMT+0900 (대한민국 표준시) : GET /springboot
Wed Jul 19 2017 16:39:04 GMT+0900 (대한민국 표준시) : GET /nodejs
Wed Jul 19 2017 16:39:06 GMT+0900 (대한민국 표준시) : GET /
Wed Jul 19 2017 16:39:07 GMT+0900 (대한민국 표준시) : GET /javascript
Wed Jul 19 2017 16:39:42 GMT+0900 (대한민국 표준시) : GET /springboot
Wed Jul 19 2017 16:39:44 GMT+0900 (대한민국 표준시) : GET /nodejs
Wed Jul 19 2017 16:39:45 GMT+0900 (대한민국 표준시) : GET /
Wed Jul 19 2017 16:39:46 GMT+0900 (대한민국 표준시) : GET /javascript
Wed Jul 19 2017 16:42:11 GMT+0900 (대한민국 표준시) : GET /javascript
Wed Jul 19 2017 16:42:11 GMT+0900 (대한민국 표준시) : GET /favicon.ico
Wed Jul 19 2017 16:42:12 GMT+0900 (대한민국 표준시) : GET /
Wed Jul 19 2017 16:42:13 GMT+0900 (대한민국 표준시) : GET /nodejs
Wed Jul 19 2017 16:42:14 GMT+0900 (대한민국 표준시) : GET /springboot
Wed Jul 19 2017 16:42:14 GMT+0900 (대한민국 표준시) : GET /javascript
Wed Jul 19 2017 16:42:23 GMT+0900 (대한민국 표준시) : GET /javascript
Wed Jul 19 2017 16:42:23 GMT+0900 (대한민국 표준시) : GET /favicon.ico
Wed Jul 19 2017 16:42:25 GMT+0900 (대한민국 표준시) : GET /
Wed Jul 19 2017 16:42:27 GMT+0900 (대한민국 표준시) : GET /nodejs
Wed Jul 19 2017 16:42:28 GMT+0900 (대한민국 표준시) : GET /springboot
Wed Jul 19 2017 16:42:28 GMT+0900 (대한민국 표준시) : GET /javascript
Wed Jul 19 2017 16:42:29 GMT+0900 (대한민국 표준시) : GET /
Wed Jul 19 2017 16:42:37 GMT+0900 (대한민국 표준시) : GET /springboot
Wed Jul 19 2017 16:42:38 GMT+0900 (대한민국 표준시) : GET /springboot
Wed Jul 19 2017 16:42:38 GMT+0900 (대한민국 표준시) : GET /favicon.ico
Wed Jul 19 2017 16:42:39 GMT+0900 (대한민국 표준시) : GET /springboot
Wed Jul 19 2017 16:42:39 GMT+0900 (대한민국 표준시) : GET /favicon.ico
Wed Jul 19 2017 16:42:39 GMT+0900 (대한민국 표준시) : GET /springboot
Wed Jul 19 2017 16:42:39 GMT+0900 (대한민국 표준시) : GET /favicon.ico
Wed Jul 19 2017 16:42:40 GMT+0900 (대한민국 표준시) : GET /springboot
Wed Jul 19 2017 16:42:40 GMT+0900 (대한민국 표준시) : GET /favicon.ico
Wed Jul 19 2017 16:42:40 GMT+0900 (대한민국 표준시) : GET /springboot
Wed Jul 19 2017 16:42:40 GMT+0900 (대한민국 표준시) : GET /favicon.ico
Wed Jul 19 2017 16:42:41 GMT+0900 (대한민국 표준시) : GET /springboot
Wed Jul 19 2017 16:42:41 GMT+0900 (대한민국 표준시) : GET /favicon.ico
Wed Jul 19 2017 16:42:42 GMT+0900 (대한민국 표준시) : GET /springboot
Wed Jul 19 2017 16:42:42 GMT+0900 (대한민국 표준시) : GET /favicon.ico
Wed Jul 19 2017 16:42:44 GMT+0900 (대한민국 표준시) : GET /
Wed Jul 19 2017 16:42:45 GMT+0900 (대한민국 표준시) : GET /
Wed Jul 19 2017 16:42:45 GMT+0900 (대한민국 표준시) : GET /favicon.ico
Wed Jul 19 2017 16:43:30 GMT+0900 (대한민국 표준시) : GET /
Wed Jul 19 2017 16:43:30 GMT+0900 (대한민국 표준시) : GET /favicon.ico
Wed Jul 19 2017 16:43:34 GMT+0900 (대한민국 표준시) : GET /
Wed Jul 19 2017 16:43:36 GMT+0900 (대한민국 표준시) : GET /springboot
Wed Jul 19 2017 16:43:41 GMT+0900 (대한민국 표준시) : GET /
Wed Jul 19 2017 16:46:02 GMT+0900 (대한민국 표준시) : GET /
Wed Jul 19 2017 16:46:02 GMT+0900 (대한민국 표준시) : GET /favicon.ico
Wed Jul 19 2017 16:50:10 GMT+0900 (대한민국 표준시) : GET /
Wed Jul 19 2017 16:53:12 GMT+0900 (대한민국 표준시) : GET /
Wed Jul 19 2017 16:53:12 GMT+0900 (대한민국 표준시) : GET /favicon.ico
Wed Jul 19 2017 16:54:56 GMT+0900 (대한민국 표준시) : GET /
Wed Jul 19 2017 16:54:56 GMT+0900 (대한민국 표준시) : GET /favicon.ico
Wed Jul 19 2017 16:55:09 GMT+0900 (대한민국 표준시) : GET /
Wed Jul 19 2017 16:55:09 GMT+0900 (대한민국 표준시) : GET /favicon.ico
Wed Jul 19 2017 16:55:23 GMT+0900 (대한민국 표준시) : GET /
Wed Jul 19 2017 16:55:23 GMT+0900 (대한민국 표준시) : GET /favicon.ico
Wed Jul 19 2017 16:56:29 GMT+0900 (대한민국 표준시) : GET /nodejs
Wed Jul 19 2017 16:56:31 GMT+0900 (대한민국 표준시) : GET /springboot
